<?xml version="1.0" encoding="UTF-8"?>
<!-- Generated by org.testng.reporters.JUnitXMLReporter -->
<testsuite ignored="3" hostname="SubhanPC" failures="0" tests="1" name="Default test" time="13.144" errors="0" timestamp="2024-06-25T18:27:51 IST">
  <testcase classname="Demo_package.Alertsclass" name="testcase2" time="8.641"/>
  <testcase classname="Demo_package.Alertsclass" name="testcase4" time="0.0">
    <ignored/>
  </testcase> <!-- testcase4 -->
  <testcase classname="Demo_package.Alertsclass" name="testcase1" time="0.0">
    <ignored/>
  </testcase> <!-- testcase1 -->
  <testcase classname="Demo_package.Alertsclass" name="testcase3" time="0.0">
    <ignored/>
  </testcase> <!-- testcase3 -->
</testsuite> <!-- Default test -->
