<?xml version="1.0" encoding="UTF-8"?>
<!-- Generated by org.testng.reporters.JUnitXMLReporter -->
<testsuite ignored="2" hostname="SubhanPC" failures="0" tests="1" name="Default test" time="6.77" errors="0" timestamp="2024-06-20T18:24:11 IST">
  <testcase classname="Demo_package.Orangehrm1" name="test3" time="3.177"/>
  <testcase classname="Demo_package.Orangehrm1" name="testcase1" time="0.0">
    <ignored/>
  </testcase> <!-- testcase1 -->
  <testcase classname="Demo_package.Orangehrm1" name="test2" time="0.0">
    <ignored/>
  </testcase> <!-- test2 -->
</testsuite> <!-- Default test -->
