<?xml version="1.0" encoding="UTF-8"?>
<testng-results ignored="2" total="3" passed="1" failed="0" skipped="0">
  <reporter-output>
  </reporter-output>
  <suite started-at="2024-06-20T18:24:04 IST" name="Default suite" finished-at="2024-06-20T18:24:11 IST" duration-ms="6770">
    <groups>
    </groups>
    <test started-at="2024-06-20T18:24:04 IST" name="Default test" finished-at="2024-06-20T18:24:11 IST" duration-ms="6770">
      <class name="Demo_package.Orangehrm1">
        <test-method is-config="true" signature="bfrtst()[pri:0, instance:Demo_package.Orangehrm1@4d5650ae]" started-at="2024-06-20T18:24:04 IST" name="bfrtst" finished-at="2024-06-20T18:24:08 IST" duration-ms="3559" status="PASS">
          <reporter-output>
          </reporter-output>
        </test-method> <!-- bfrtst -->
        <test-method signature="test3()[pri:0, instance:Demo_package.Orangehrm1@4d5650ae]" started-at="2024-06-20T18:24:08 IST" name="test3" finished-at="2024-06-20T18:24:11 IST" duration-ms="3177" status="PASS">
          <reporter-output>
          </reporter-output>
        </test-method> <!-- test3 -->
        <test-method is-config="true" signature="aftrtst()[pri:0, instance:Demo_package.Orangehrm1@4d5650ae]" started-at="2024-06-20T18:24:11 IST" name="aftrtst" finished-at="2024-06-20T18:24:11 IST" duration-ms="0" status="PASS">
          <reporter-output>
          </reporter-output>
        </test-method> <!-- aftrtst -->
      </class> <!-- Demo_package.Orangehrm1 -->
    </test> <!-- Default test -->
  </suite> <!-- Default suite -->
</testng-results>
