<?xml version="1.0" encoding="UTF-8"?>
<testng-results ignored="3" total="4" passed="1" failed="0" skipped="0">
  <reporter-output>
  </reporter-output>
  <suite started-at="2024-06-25T18:27:37 IST" name="Default suite" finished-at="2024-06-25T18:27:51 IST" duration-ms="13144">
    <groups>
    </groups>
    <test started-at="2024-06-25T18:27:37 IST" name="Default test" finished-at="2024-06-25T18:27:51 IST" duration-ms="13144">
      <class name="Demo_package.Alertsclass">
        <test-method is-config="true" signature="bfrtest()[pri:0, instance:Demo_package.Alertsclass@6c1a5b54]" started-at="2024-06-25T18:27:37 IST" name="bfrtest" finished-at="2024-06-25T18:27:42 IST" duration-ms="4412" status="PASS">
          <reporter-output>
          </reporter-output>
        </test-method> <!-- bfrtest -->
        <test-method signature="testcase2()[pri:0, instance:Demo_package.Alertsclass@6c1a5b54]" started-at="2024-06-25T18:27:42 IST" name="testcase2" finished-at="2024-06-25T18:27:51 IST" duration-ms="8641" status="PASS">
          <reporter-output>
          </reporter-output>
        </test-method> <!-- testcase2 -->
      </class> <!-- Demo_package.Alertsclass -->
    </test> <!-- Default test -->
  </suite> <!-- Default suite -->
</testng-results>
